<?xml version="1.0" encoding="UTF-8" ?>
<testsuite tests="8" failures="0" name="com.wakaleo.gameoflife.domain.WhenYouReadAGridFromAString" time="0.05" errors="0" skipped="0">
  <properties>
[...]
</properties>
  <testcase classname="com.wakaleo.gameoflife.domain.WhenYouReadAGridFromAString" name="shouldRefuseIllegalCellCharacters" time="0"/>
  <testcase classname="com.wakaleo.gameoflife.domain.WhenYouReadAGridFromAString" name="shouldBeAbleToReadAGridContainingLiveAndDeadCells" time="0"/>
  <testcase classname="com.wakaleo.gameoflife.domain.WhenYouReadAGridFromAString" name="shouldBeAbleToReadAnAsymetricalGridContainingLiveAndDeadCells" time="0"/>
  <testcase classname="com.wakaleo.gameoflife.domain.WhenYouReadAGridFromAString" name="shouldBeAbleToReadAVeryLargerGrid" time="0"/>
  <testcase classname="com.wakaleo.gameoflife.domain.WhenYouReadAGridFromAString" name="shouldBeAbleToReadALargerGrid" time="0"/>
  <testcase classname="com.wakaleo.gameoflife.domain.WhenYouReadAGridFromAString" name="shouldBeAbleToReadAGridContainingASingleCellFromAString" time="0"/>
  <testcase classname="com.wakaleo.gameoflife.domain.WhenYouReadAGridFromAString" name="shouldBeAbleToReadAGridOfCellsFromAString" time="0"/>
  <testcase classname="com.wakaleo.gameoflife.domain.WhenYouReadAGridFromAString" name="shouldBeAbleToReadAnEmptyGridOfCellsFromAnEmptyString" time="0"/>
</testsuite>